2:39:17 AM [express] serving on port 5173
2:39:45 AM [express] GET /api/scan-status 200 in 42ms
2:40:28 AM [express] GET /api/ml/stats 200 in 23ms
2:40:49 AM [express] GET /api/scan-status 200 in 34ms
2:40:49 AM [express] GET /api/market-stats 200 in 35ms
2:40:49 AM [express] GET /api/arbitrage-opportunities 200 in 65ms
2:40:49 AM [express] GET /api/scanner-config 200 in 68ms
2:40:49 AM [express] GET /api/alerts 405 in 51ms
2:40:49 AM [express] GET /api/match-feedback 200 in 91ms
2:40:49 AM [express] GET /api/watchlist 200 in 84ms
2:41:04 AM [express] GET /api/arbitrage-opportunities 304 in 6ms
2:41:19 AM [express] GET /api/arbitrage-opportunities 304 in 5ms
2:41:34 AM [express] GET /api/arbitrage-opportunities 304 in 6ms
2:41:50 AM [express] GET /api/arbitrage-opportunities 304 in 6ms
2:42:05 AM [express] GET /api/arbitrage-opportunities 304 in 38ms
2:42:20 AM [express] GET /api/arbitrage-opportunities 304 in 6ms
2:42:35 AM [express] GET /api/arbitrage-opportunities 304 in 3ms
2:42:50 AM [express] GET /api/arbitrage-opportunities 304 in 3ms
2:43:05 AM [express] GET /api/arbitrage-opportunities 304 in 7ms
2:43:20 AM [express] GET /api/arbitrage-opportunities 304 in 9ms
2:43:35 AM [express] GET /api/arbitrage-opportunities 304 in 7ms
2:43:51 AM [express] GET /api/arbitrage-opportunities 304 in 9ms
2:44:06 AM [express] GET /api/arbitrage-opportunities 304 in 4ms
2:44:21 AM [express] GET /api/arbitrage-opportunities 304 in 8ms
2:44:36 AM [express] GET /api/arbitrage-opportunities 304 in 7ms
2:44:51 AM [express] GET /api/arbitrage-opportunities 304 in 15ms
2:45:06 AM [express] GET /api/arbitrage-opportunities 304 in 12ms
2:45:21 AM [express] GET /api/arbitrage-opportunities 304 in 22ms
2:45:36 AM [express] GET /api/arbitrage-opportunities 304 in 4ms
2:45:51 AM [express] GET /api/arbitrage-opportunities 304 in 7ms
2:46:06 AM [express] GET /api/arbitrage-opportunities 304 in 7ms
2:46:21 AM [express] GET /api/arbitrage-opportunities 304 in 9ms
2:46:36 AM [express] GET /api/arbitrage-opportunities 304 in 5ms
2:46:52 AM [express] GET /api/arbitrage-opportunities 304 in 5ms
2:47:07 AM [express] GET /api/arbitrage-opportunities 304 in 4ms
2:47:22 AM [express] GET /api/arbitrage-opportunities 304 in 4ms
2:47:37 AM [express] GET /api/arbitrage-opportunities 304 in 3ms
2:47:52 AM [express] GET /api/arbitrage-opportunities 304 in 3ms
2:48:07 AM [express] GET /api/arbitrage-opportunities 304 in 6ms
2:48:22 AM [express] GET /api/arbitrage-opportunities 304 in 5ms
2:48:37 AM [express] GET /api/arbitrage-opportunities 304 in 5ms
2:48:52 AM [express] GET /api/arbitrage-opportunities 304 in 7ms
2:49:07 AM [express] GET /api/arbitrage-opportunities 304 in 6ms
2:49:22 AM [express] GET /api/arbitrage-opportunities 304 in 4ms
2:49:37 AM [express] GET /api/arbitrage-opportunities 304 in 5ms
2:49:52 AM [express] GET /api/arbitrage-opportunities 304 in 5ms
2:50:07 AM [express] GET /api/arbitrage-opportunities 304 in 4ms
2:50:23 AM [express] GET /api/arbitrage-opportunities 304 in 9ms
2:50:38 AM [express] GET /api/arbitrage-opportunities 304 in 5ms
2:50:53 AM [express] GET /api/arbitrage-opportunities 304 in 4ms
2:51:08 AM [express] GET /api/arbitrage-opportunities 304 in 5ms
2:51:23 AM [express] GET /api/arbitrage-opportunities 304 in 5ms
2:51:38 AM [express] GET /api/arbitrage-opportunities 304 in 4ms
2:51:53 AM [express] GET /api/arbitrage-opportunities 304 in 11ms
2:52:08 AM [express] GET /api/arbitrage-opportunities 304 in 9ms
2:52:23 AM [express] GET /api/arbitrage-opportunities 304 in 11ms
2:52:38 AM [express] GET /api/arbitrage-opportunities 304 in 4ms
2:52:53 AM [express] GET /api/arbitrage-opportunities 304 in 3ms
2:53:08 AM [express] GET /api/arbitrage-opportunities 304 in 4ms
2:53:23 AM [express] GET /api/arbitrage-opportunities 304 in 4ms
2:53:38 AM [express] GET /api/arbitrage-opportunities 304 in 10ms
2:53:54 AM [express] GET /api/arbitrage-opportunities 304 in 3ms
2:54:09 AM [express] GET /api/arbitrage-opportunities 304 in 5ms
2:54:24 AM [express] GET /api/arbitrage-opportunities 304 in 6ms
2:54:39 AM [express] GET /api/arbitrage-opportunities 304 in 6ms
2:54:54 AM [express] GET /api/arbitrage-opportunities 304 in 4ms
2:55:09 AM [express] GET /api/arbitrage-opportunities 304 in 5ms
2:55:24 AM [express] GET /api/arbitrage-opportunities 304 in 6ms
2:55:39 AM [express] GET /api/arbitrage-opportunities 304 in 5ms
2:55:54 AM [express] GET /api/arbitrage-opportunities 304 in 4ms
2:56:09 AM [express] GET /api/arbitrage-opportunities 304 in 7ms
2:56:24 AM [express] GET /api/arbitrage-opportunities 304 in 4ms
2:56:40 AM [express] GET /api/arbitrage-opportunities 304 in 3ms
2:56:55 AM [express] GET /api/arbitrage-opportunities 304 in 7ms
2:57:10 AM [express] GET /api/arbitrage-opportunities 304 in 3ms
2:57:25 AM [express] GET /api/arbitrage-opportunities 304 in 10ms
2:57:40 AM [express] GET /api/arbitrage-opportunities 304 in 4ms
2:57:55 AM [express] GET /api/arbitrage-opportunities 304 in 4ms
2:58:10 AM [express] GET /api/arbitrage-opportunities 304 in 4ms
2:58:25 AM [express] GET /api/arbitrage-opportunities 304 in 4ms
2:58:40 AM [express] GET /api/arbitrage-opportunities 304 in 5ms
2:58:54 AM [express] GET /api/scan-progress 200 in 1084273ms
2:58:55 AM [express] GET /api/arbitrage-opportunities 304 in 10ms
2:58:56 AM [express] GET /api/scan-status 200 in 6ms
2:59:10 AM [express] GET /api/arbitrage-opportunities 304 in 5ms
2:59:25 AM [express] GET /api/arbitrage-opportunities 304 in 4ms
2:59:40 AM [express] GET /api/arbitrage-opportunities 304 in 9ms
2:59:55 AM [express] GET /api/arbitrage-opportunities 304 in 4ms
3:00:10 AM [express] GET /api/arbitrage-opportunities 304 in 6ms
3:00:26 AM [express] GET /api/arbitrage-opportunities 304 in 20ms
3:00:41 AM [express] GET /api/arbitrage-opportunities 304 in 4ms
3:00:56 AM [express] GET /api/arbitrage-opportunities 304 in 8ms
3:01:11 AM [express] GET /api/arbitrage-opportunities 304 in 12ms
3:01:26 AM [express] GET /api/arbitrage-opportunities 304 in 5ms
3:01:41 AM [express] GET /api/arbitrage-opportunities 304 in 4ms
3:01:56 AM [express] GET /api/arbitrage-opportunities 304 in 6ms
3:02:11 AM [express] GET /api/arbitrage-opportunities 304 in 4ms
3:02:26 AM [express] GET /api/arbitrage-opportunities 304 in 4ms
3:02:41 AM [express] GET /api/arbitrage-opportunities 304 in 3ms
3:02:56 AM [express] GET /api/arbitrage-opportunities 304 in 4ms
3:03:11 AM [express] GET /api/arbitrage-opportunities 304 in 3ms
3:03:26 AM [express] GET /api/arbitrage-opportunities 304 in 8ms
3:03:41 AM [express] GET /api/arbitrage-opportunities 304 in 3ms
3:03:56 AM [express] GET /api/arbitrage-opportunities 304 in 6ms
3:04:12 AM [express] GET /api/arbitrage-opportunities 304 in 7ms
3:04:27 AM [express] GET /api/arbitrage-opportunities 304 in 8ms
3:04:42 AM [express] GET /api/arbitrage-opportunities 304 in 5ms
3:04:57 AM [express] GET /api/arbitrage-opportunities 304 in 7ms
3:05:12 AM [express] GET /api/arbitrage-opportunities 304 in 4ms
3:05:27 AM [express] GET /api/arbitrage-opportunities 304 in 8ms
3:05:42 AM [express] GET /api/arbitrage-opportunities 304 in 7ms
3:05:57 AM [express] GET /api/arbitrage-opportunities 304 in 4ms
3:06:12 AM [express] GET /api/arbitrage-opportunities 304 in 4ms
3:06:27 AM [express] GET /api/arbitrage-opportunities 304 in 9ms
3:06:42 AM [express] GET /api/arbitrage-opportunities 304 in 5ms
3:06:57 AM [express] GET /api/arbitrage-opportunities 304 in 4ms
3:07:12 AM [express] GET /api/arbitrage-opportunities 304 in 4ms
3:07:27 AM [express] GET /api/arbitrage-opportunities 304 in 3ms
3:07:43 AM [express] GET /api/arbitrage-opportunities 304 in 9ms
3:07:58 AM [express] GET /api/arbitrage-opportunities 304 in 7ms
3:08:13 AM [express] GET /api/arbitrage-opportunities 304 in 3ms
3:08:28 AM [express] GET /api/arbitrage-opportunities 304 in 3ms
3:08:43 AM [express] GET /api/arbitrage-opportunities 304 in 6ms
3:08:58 AM [express] GET /api/arbitrage-opportunities 304 in 9ms
3:09:13 AM [express] GET /api/arbitrage-opportunities 304 in 10ms
3:09:28 AM [express] GET /api/arbitrage-opportunities 304 in 13ms
3:09:43 AM [express] GET /api/arbitrage-opportunities 304 in 8ms
3:09:58 AM [express] GET /api/arbitrage-opportunities 304 in 8ms
3:10:13 AM [express] GET /api/arbitrage-opportunities 304 in 88ms
3:10:29 AM [express] GET /api/arbitrage-opportunities 304 in 57ms
3:10:44 AM [express] GET /api/arbitrage-opportunities 304 in 4ms
3:10:59 AM [express] GET /api/arbitrage-opportunities 304 in 9ms
3:11:14 AM [express] GET /api/arbitrage-opportunities 304 in 17ms
3:11:29 AM [express] GET /api/arbitrage-opportunities 304 in 9ms
3:11:44 AM [express] GET /api/arbitrage-opportunities 304 in 14ms
3:11:59 AM [express] GET /api/arbitrage-opportunities 304 in 11ms
3:12:14 AM [express] GET /api/arbitrage-opportunities 304 in 7ms
3:12:29 AM [express] GET /api/arbitrage-opportunities 304 in 4ms
3:12:44 AM [express] GET /api/arbitrage-opportunities 304 in 5ms
3:12:59 AM [express] GET /api/arbitrage-opportunities 304 in 4ms
3:13:14 AM [express] GET /api/arbitrage-opportunities 304 in 2ms
3:13:29 AM [express] GET /api/arbitrage-opportunities 304 in 10ms
3:13:44 AM [express] GET /api/arbitrage-opportunities 304 in 3ms
3:13:59 AM [express] GET /api/arbitrage-opportunities 304 in 6ms
4:16:04 AM [express] GET /api/arbitrage-opportunities 304 in 181ms
